Compiled jquery.js  (48ms)  (pid 67701)
Compiled jquery_ujs.js  (3ms)  (pid 67701)
Compiled module.js  (160ms)  (pid 67701)
Compiled application.js  (855ms)  (pid 67701)
Compiled application.css  (1ms)  (pid 67701)
Compiled jquery.js  (5ms)  (pid 67701)
Compiled jquery_ujs.js  (0ms)  (pid 67701)
Compiled module.js  (185ms)  (pid 67701)
Compiled application.js  (518ms)  (pid 67701)
Compiled application.css  (1ms)  (pid 67701)
Compiled jquery.js  (4ms)  (pid 67756)
Compiled jquery_ujs.js  (0ms)  (pid 67756)
Compiled module.js  (154ms)  (pid 67756)
Compiled application.js  (390ms)  (pid 67756)
Compiled application.css  (1ms)  (pid 67756)
Compiled jquery.js  (4ms)  (pid 67756)
Compiled jquery_ujs.js  (0ms)  (pid 67756)
Compiled module.js  (156ms)  (pid 67756)
Compiled application.js  (390ms)  (pid 67756)
Compiled application.css  (0ms)  (pid 67756)
Compiled jquery.js  (5ms)  (pid 67799)
Compiled jquery_ujs.js  (0ms)  (pid 67799)
Compiled module.js  (160ms)  (pid 67799)
Compiled application.js  (426ms)  (pid 67799)
Compiled application.css  (0ms)  (pid 67799)
Compiled jquery.js  (4ms)  (pid 67799)
Compiled jquery_ujs.js  (1ms)  (pid 67799)
Compiled module.js  (155ms)  (pid 67799)
Compiled application.js  (395ms)  (pid 67799)
Compiled application.css  (1ms)  (pid 67799)
Compiled jquery.js  (4ms)  (pid 70357)
Compiled jquery_ujs.js  (0ms)  (pid 70357)
Compiled submodule.js  (177ms)  (pid 70357)
Compiled module.js  (339ms)  (pid 70357)
Compiled application.js  (766ms)  (pid 70357)
Compiled application.css  (1ms)  (pid 70357)
Compiled jquery.js  (4ms)  (pid 70357)
Compiled jquery_ujs.js  (1ms)  (pid 70357)
Compiled submodule.js  (165ms)  (pid 70357)
Compiled module.js  (367ms)  (pid 70357)
Compiled application.js  (616ms)  (pid 70357)
Compiled application.css  (1ms)  (pid 70357)
